Healer/app/build/intermediates/manifest_merge_blame_file/debug/manifest-merger-blame-debug-report.txt
1<?xml version="1.0" encoding="utf-8"?>
2<manifest xmlns:android="http://schemas.android.com/apk/res/android"
3    package="com.amotie.healer"
4    android:versionCode="1"
5    android:versionName="1.0" >
6
7    <uses-sdk
8        android:minSdkVersion="24"
8-->src\main\AndroidManifest.xml
9        android:targetSdkVersion="29" />
9-->src\main\AndroidManifest.xml
10
11    <application
11-->src\main\AndroidManifest.xml:5:5-36:19
12        android:allowBackup="true"
12-->src\main\AndroidManifest.xml:6:9-35
13        android:appComponentFactory="androidx.core.app.CoreComponentFactory"
13-->[androidx.core:core:1.1.0] AndroidManifest.xml:24:18-86
14        android:debuggable="true"
15        android:icon="@mipmap/ic_launcher"
15-->src\main\AndroidManifest.xml:7:9-43
16        android:label="Healer"
16-->src\main\AndroidManifest.xml:8:9-31
17        android:roundIcon="@mipmap/ic_launcher_round"
17-->src\main\AndroidManifest.xml:9:9-54
18        android:supportsRtl="true"
18-->src\main\AndroidManifest.xml:10:9-35
19        android:theme="@style/AppTheme" >
19-->src\main\AndroidManifest.xml:11:9-40
20        <activity android:name="com.amotie.healer.History" />
20-->src\main\AndroidManifest.xml:12:9-54
20-->src\main\AndroidManifest.xml:12:19-42
21        <activity android:name="com.amotie.healer.Appointments" />
21-->src\main\AndroidManifest.xml:13:9-50
21-->src\main\AndroidManifest.xml:13:19-47
22        <activity android:name="com.amotie.healer.Profile" />
22-->src\main\AndroidManifest.xml:14:9-45
22-->src\main\AndroidManifest.xml:14:19-42
23        <activity android:name="com.amotie.healer.Doctor" />
23-->src\main\AndroidManifest.xml:15:9-44
23-->src\main\AndroidManifest.xml:15:19-41
24        <activity android:name="com.amotie.healer.ProfileDetails" />
24-->src\main\AndroidManifest.xml:16:9-52
24-->src\main\AndroidManifest.xml:16:19-49
25        <activity
25-->src\main\AndroidManifest.xml:17:9-19:40
26            android:name="com.amotie.healer.SignUp"
26-->src\main\AndroidManifest.xml:18:13-35
27            android:noHistory="true" />
27-->src\main\AndroidManifest.xml:19:13-37
28        <activity
28-->src\main\AndroidManifest.xml:20:9-22:59
29            android:name="com.amotie.healer.Home"
29-->src\main\AndroidManifest.xml:21:13-33
30            android:label="@string/title_activity_home" />
30-->src\main\AndroidManifest.xml:22:13-56
31        <activity android:name="com.amotie.healer.introManger" />
31-->src\main\AndroidManifest.xml:23:9-49
31-->src\main\AndroidManifest.xml:23:19-46
32        <activity
32-->src\main\AndroidManifest.xml:24:9-32:20
33            android:name="com.amotie.healer.SplashScreen"
33-->src\main\AndroidManifest.xml:25:13-41
34            android:theme="@style/FullscreenTheme" >
34-->src\main\AndroidManifest.xml:26:13-51
35            <intent-filter>
35-->src\main\AndroidManifest.xml:27:13-31:29
36                <action android:name="android.intent.action.MAIN" />
36-->src\main\AndroidManifest.xml:28:17-69
36-->src\main\AndroidManifest.xml:28:25-66
37
38                <category android:name="android.intent.category.LAUNCHER" />
38-->src\main\AndroidManifest.xml:30:17-77
38-->src\main\AndroidManifest.xml:30:27-74
39            </intent-filter>
40        </activity>
41        <activity
41-->src\main\AndroidManifest.xml:33:9-35:40
42            android:name="com.amotie.healer.MainActivity"
42-->src\main\AndroidManifest.xml:34:13-41
43            android:noHistory="true" />
43-->src\main\AndroidManifest.xml:35:13-37
44
45        <provider
45-->[androidx.lifecycle:lifecycle-process:2.0.0] AndroidManifest.xml:23:9-27:43
46            android:name="androidx.lifecycle.ProcessLifecycleOwnerInitializer"
46-->[androidx.lifecycle:lifecycle-process:2.0.0] AndroidManifest.xml:24:13-79
47            android:authorities="com.amotie.healer.lifecycle-process"
47-->[androidx.lifecycle:lifecycle-process:2.0.0] AndroidManifest.xml:25:13-69
48            android:exported="false"
48-->[androidx.lifecycle:lifecycle-process:2.0.0] AndroidManifest.xml:26:13-37
49            android:multiprocess="true" />
49-->[androidx.lifecycle:lifecycle-process:2.0.0] AndroidManifest.xml:27:13-40
50    </application>
51
52</manifest>